love_bomb_more/Temp/gradleOut/build/outputs/logs/manifest-merger-debug-report.txt
-- Merging decision tree log ---
manifest
ADDED from src\main\AndroidManifest.xml:2:1-30:12
	package
		ADDED from src\main\AndroidManifest.xml:2:70-98
		INJECTED from src\main\AndroidManifest.xml
		INJECTED from src\main\AndroidManifest.xml
	android:versionName
		ADDED from src\main\AndroidManifest.xml:2:146-171
		INJECTED from src\main\AndroidManifest.xml
		INJECTED from src\main\AndroidManifest.xml
	xmlns:tools
		ADDED from src\main\AndroidManifest.xml:2:99-145
	android:versionCode
		ADDED from src\main\AndroidManifest.xml:2:172-195
		INJECTED from src\main\AndroidManifest.xml
		INJECTED from src\main\AndroidManifest.xml
	xmlns:android
		ADDED from src\main\AndroidManifest.xml:2:11-69
	android:installLocation
		ADDED from src\main\AndroidManifest.xml:2:196-236
supports-screens
ADDED from src\main\AndroidManifest.xml:3:3-163
	android:largeScreens
		ADDED from src\main\AndroidManifest.xml:3:78-105
	android:smallScreens
		ADDED from src\main\AndroidManifest.xml:3:21-48
	android:normalScreens
		ADDED from src\main\AndroidManifest.xml:3:49-77
	android:xlargeScreens
		ADDED from src\main\AndroidManifest.xml:3:106-134
	android:anyDensity
		ADDED from src\main\AndroidManifest.xml:3:135-160
application
ADDED from src\main\AndroidManifest.xml:4:3-18:17
MERGED from [:arcore_client:] AndroidManifest.xml:28:5-42:19
MERGED from [:google_ar_required:] AndroidManifest.xml:7:5-9:19
	android:label
		ADDED from src\main\AndroidManifest.xml:4:92-124
	android:icon
		ADDED from src\main\AndroidManifest.xml:4:58-91
	android:banner
		ADDED from src\main\AndroidManifest.xml:4:147-184
	android:theme
		ADDED from src\main\AndroidManifest.xml:4:16-57
	android:isGame
		ADDED from src\main\AndroidManifest.xml:4:125-146
activity#com.unity3d.player.UnityPlayerActivity
ADDED from src\main\AndroidManifest.xml:5:5-11:16
	android:screenOrientation
		ADDED from src\main\AndroidManifest.xml:5:102-138
	android:label
		ADDED from src\main\AndroidManifest.xml:5:69-101
	android:launchMode
		ADDED from src\main\AndroidManifest.xml:5:139-170
	android:configChanges
		ADDED from src\main\AndroidManifest.xml:5:171-352
	android:name
		ADDED from src\main\AndroidManifest.xml:5:15-68
intent-filter#android.intent.action.MAIN+android.intent.category.LAUNCHER
ADDED from src\main\AndroidManifest.xml:6:7-9:23
action#android.intent.action.MAIN
ADDED from src\main\AndroidManifest.xml:7:9-61
	android:name
		ADDED from src\main\AndroidManifest.xml:7:17-58
category#android.intent.category.LAUNCHER
ADDED from src\main\AndroidManifest.xml:8:9-69
	android:name
		ADDED from src\main\AndroidManifest.xml:8:19-66
meta-data#unityplayer.UnityActivity
ADDED from src\main\AndroidManifest.xml:10:7-82
	android:value
		ADDED from src\main\AndroidManifest.xml:10:59-79
	android:name
		ADDED from src\main\AndroidManifest.xml:10:18-58
meta-data#unityplayer.SkipPermissionsDialog
ADDED from src\main\AndroidManifest.xml:12:5-88
	android:value
		ADDED from src\main\AndroidManifest.xml:12:65-85
	android:name
		ADDED from src\main\AndroidManifest.xml:12:16-64
meta-data#unity.build-id
ADDED from src\main\AndroidManifest.xml:13:5-101
	android:value
		ADDED from src\main\AndroidManifest.xml:13:46-98
	android:name
		ADDED from src\main\AndroidManifest.xml:13:16-45
meta-data#unity.splash-mode
ADDED from src\main\AndroidManifest.xml:14:5-69
	android:value
		ADDED from src\main\AndroidManifest.xml:14:49-66
	android:name
		ADDED from src\main\AndroidManifest.xml:14:16-48
meta-data#unity.splash-enable
ADDED from src\main\AndroidManifest.xml:15:5-74
	android:value
		ADDED from src\main\AndroidManifest.xml:15:51-71
	android:name
		ADDED from src\main\AndroidManifest.xml:15:16-50
meta-data#android.max_aspect
ADDED from src\main\AndroidManifest.xml:16:5-72
	android:value
		ADDED from src\main\AndroidManifest.xml:16:50-69
	android:name
		ADDED from src\main\AndroidManifest.xml:16:16-49
meta-data#unity.tango-enable
ADDED from src\main\AndroidManifest.xml:17:5-73
	android:value
		ADDED from src\main\AndroidManifest.xml:17:50-70
	android:name
		ADDED from src\main\AndroidManifest.xml:17:16-49
uses-sdk
ADDED from src\main\AndroidManifest.xml:19:3-72
MERGED from [:arcore_client:] AndroidManifest.xml:25:5-44
MERGED from [:arcore_client:] AndroidManifest.xml:26:5-47
MERGED from [:google_ar_required:] AndroidManifest.xml:6:5-43
MERGED from [:unityandroidpermissions:] AndroidManifest.xml:11:5-13:41
MERGED from [:unitygar:] AndroidManifest.xml:7:5-9:41
	android:targetSdkVersion
		ADDED from src\main\AndroidManifest.xml:19:40-69
		INJECTED from src\main\AndroidManifest.xml
		INJECTED from src\main\AndroidManifest.xml
	android:minSdkVersion
		ADDED from src\main\AndroidManifest.xml:19:13-39
		MERGED from src\main\AndroidManifest.xml:19:13-39
uses-feature#0x00020000
ADDED from src\main\AndroidManifest.xml:20:3-52
	android:glEsVersion
		ADDED from src\main\AndroidManifest.xml:20:17-49
uses-permission#android.permission.CAMERA
ADDED from src\main\AndroidManifest.xml:21:3-63
	android:name
		ADDED from src\main\AndroidManifest.xml:21:20-60
uses-permission#android.permission.INTERNET
ADDED from src\main\AndroidManifest.xml:22:3-65
	android:name
		ADDED from src\main\AndroidManifest.xml:22:20-62
uses-permission#android.permission.VIBRATE
ADDED from src\main\AndroidManifest.xml:23:3-64
	android:name
		ADDED from src\main\AndroidManifest.xml:23:20-61
uses-permission#android.permission.WRITE_EXTERNAL_STORAGE
ADDED from src\main\AndroidManifest.xml:24:3-106
	android:maxSdkVersion
		ADDED from src\main\AndroidManifest.xml:24:77-103
	android:name
		ADDED from src\main\AndroidManifest.xml:24:20-76
uses-permission#android.permission.READ_EXTERNAL_STORAGE
ADDED from src\main\AndroidManifest.xml:25:3-105
	android:maxSdkVersion
		ADDED from src\main\AndroidManifest.xml:25:76-102
	android:name
		ADDED from src\main\AndroidManifest.xml:25:20-75
uses-feature#android.hardware.sensor.accelerometer
ADDED from src\main\AndroidManifest.xml:26:3-97
	android:required
		ADDED from src\main\AndroidManifest.xml:26:70-94
	android:name
		ADDED from src\main\AndroidManifest.xml:26:17-69
uses-feature#android.hardware.touchscreen
ADDED from src\main\AndroidManifest.xml:27:3-88
	android:required
		ADDED from src\main\AndroidManifest.xml:27:61-85
	android:name
		ADDED from src\main\AndroidManifest.xml:27:17-60
uses-feature#android.hardware.touchscreen.multitouch
ADDED from src\main\AndroidManifest.xml:28:3-99
	android:required
		ADDED from src\main\AndroidManifest.xml:28:72-96
	android:name
		ADDED from src\main\AndroidManifest.xml:28:17-71
uses-feature#android.hardware.touchscreen.multitouch.distinct
ADDED from src\main\AndroidManifest.xml:29:3-108
	android:required
		ADDED from src\main\AndroidManifest.xml:29:81-105
	android:name
		ADDED from src\main\AndroidManifest.xml:29:17-80
activity#com.google.ar.core.InstallActivity
ADDED from [:arcore_client:] AndroidManifest.xml:31:9-37:80
	android:excludeFromRecents
		ADDED from [:arcore_client:] AndroidManifest.xml:34:13-46
	android:launchMode
		ADDED from [:arcore_client:] AndroidManifest.xml:36:13-43
	android:exported
		ADDED from [:arcore_client:] AndroidManifest.xml:35:13-37
	android:configChanges
		ADDED from [:arcore_client:] AndroidManifest.xml:33:13-74
	android:theme
		ADDED from [:arcore_client:] AndroidManifest.xml:37:13-77
	android:name
		ADDED from [:arcore_client:] AndroidManifest.xml:32:13-62
meta-data#com.google.ar.core.min_apk_version
ADDED from [:arcore_client:] AndroidManifest.xml:39:9-41:41
	android:value
		ADDED from [:arcore_client:] AndroidManifest.xml:41:13-38
	android:name
		ADDED from [:arcore_client:] AndroidManifest.xml:40:13-62
meta-data#com.google.ar.core
ADDED from [:google_ar_required:] AndroidManifest.xml:8:9-81
	android:value
		ADDED from [:google_ar_required:] AndroidManifest.xml:8:54-78
	android:name
		ADDED from [:google_ar_required:] AndroidManifest.xml:8:20-53
uses-feature#android.hardware.camera.ar
ADDED from [:google_ar_required:] AndroidManifest.xml:10:5-86
	android:required
		ADDED from [:google_ar_required:] AndroidManifest.xml:10:61-84
	android:name
		ADDED from [:google_ar_required:] AndroidManifest.xml:10:19-60